# JRE version: OpenJDK Runtime Environment (11.0.12+7) (build 11.0.12+7-b1504.28-7817840)
# Java VM: OpenJDK 64-Bit Server VM (11.0.12+7-b1504.28-7817840, mixed mode, tiered, compressed oops, g1 gc, windows-amd64)
Heap:
 garbage-first heap   total 260096K, used 206801K [0x0000000080000000, 0x0000000100000000)
  region size 1024K, 121 young (123904K), 11 survivors (11264K)
 Metaspace       used 113154K, capacity 117225K, committed 117436K, reserved 1150976K
  class space    used 15149K, capacity 16741K, committed 16768K, reserved 1048576K
GC Heap History (20 events):
Event: 1.829 GC heap before
{Heap before GC invocations=3 (full 0):
 garbage-first heap   total 260096K, used 63581K [0x0000000080000000, 0x0000000100000000)
  region size 1024K, 57 young (58368K), 10 survivors (10240K)
 Metaspace       used 25529K, capacity 26139K, committed 26288K, reserved 1073152K
  class space    used 3276K, capacity 3488K, committed 3584K, reserved 1048576K
}
Event: 1.834 GC heap after
{Heap after GC invocations=4 (full 0):
 garbage-first heap   total 260096K, used 18885K [0x0000000080000000, 0x0000000100000000)
  region size 1024K, 3 young (3072K), 3 survivors (3072K)
 Metaspace       used 25529K, capacity 26139K, committed 26288K, reserved 1073152K
  class space    used 3276K, capacity 3488K, committed 3584K, reserved 1048576K
}
Event: 2.357 GC heap before
{Heap before GC invocations=4 (full 0):
 garbage-first heap   total 260096K, used 82373K [0x0000000080000000, 0x0000000100000000)
  region size 1024K, 66 young (67584K), 3 survivors (3072K)
 Metaspace       used 34859K, capacity 35658K, committed 35708K, reserved 1081344K
  class space    used 4505K, capacity 4839K, committed 4864K, reserved 1048576K
}
Event: 2.363 GC heap after
{Heap after GC invocations=5 (full 0):
 garbage-first heap   total 260096K, used 21797K [0x0000000080000000, 0x0000000100000000)
  region size 1024K, 6 young (6144K), 6 survivors (6144K)
 Metaspace       used 34859K, capacity 35658K, committed 35708K, reserved 1081344K
  class space    used 4505K, capacity 4839K, committed 4864K, reserved 1048576K
}
Event: 3.120 GC heap before
{Heap before GC invocations=6 (full 0):
 garbage-first heap   total 260096K, used 136485K [0x0000000080000000, 0x0000000100000000)
  region size 1024K, 115 young (117760K), 6 survivors (6144K)
 Metaspace       used 44599K, capacity 45645K, committed 45948K, reserved 1089536K
  class space    used 5692K, capacity 6064K, committed 6144K, reserved 1048576K
}
Event: 3.126 GC heap after
{Heap after GC invocations=7 (full 0):
 garbage-first heap   total 260096K, used 29518K [0x0000000080000000, 0x0000000100000000)
  region size 1024K, 13 young (13312K), 13 survivors (13312K)
 Metaspace       used 44599K, capacity 45645K, committed 45948K, reserved 1089536K
  class space    used 5692K, capacity 6064K, committed 6144K, reserved 1048576K
}
Event: 4.086 GC heap before
{Heap before GC invocations=7 (full 0):
 garbage-first heap   total 260096K, used 179022K [0x0000000080000000, 0x0000000100000000)
  region size 1024K, 152 young (155648K), 13 survivors (13312K)
 Metaspace       used 52597K, capacity 54007K, committed 54268K, reserved 1095680K
  class space    used 6703K, capacity 7210K, committed 7296K, reserved 1048576K
}
Event: 4.094 GC heap after
{Heap after GC invocations=8 (full 0):
 garbage-first heap   total 260096K, used 48988K [0x0000000080000000, 0x0000000100000000)
  region size 1024K, 19 young (19456K), 19 survivors (19456K)
 Metaspace       used 52597K, capacity 54007K, committed 54268K, reserved 1095680K
  class space    used 6703K, capacity 7210K, committed 7296K, reserved 1048576K
}
Event: 4.523 GC heap before
{Heap before GC invocations=8 (full 0):
 garbage-first heap   total 260096K, used 88924K [0x0000000080000000, 0x0000000100000000)
  region size 1024K, 59 young (60416K), 19 survivors (19456K)
 Metaspace       used 58310K, capacity 59738K, committed 59900K, reserved 1101824K
  class space    used 7407K, capacity 7942K, committed 8064K, reserved 1048576K
}
Event: 4.540 GC heap after
{Heap after GC invocations=9 (full 0):
 garbage-first heap   total 260096K, used 51570K [0x0000000080000000, 0x0000000100000000)
  region size 1024K, 4 young (4096K), 4 survivors (4096K)
 Metaspace       used 58310K, capacity 59738K, committed 59900K, reserved 1101824K
  class space    used 7407K, capacity 7942K, committed 8064K, reserved 1048576K
}
Event: 5.902 GC heap before
{Heap before GC invocations=10 (full 0):
 garbage-first heap   total 260096K, used 180594K [0x0000000080000000, 0x0000000100000000)
  region size 1024K, 130 young (133120K), 4 survivors (4096K)
 Metaspace       used 68329K, capacity 69961K, committed 70140K, reserved 1110016K
  class space    used 8668K, capacity 9308K, committed 9344K, reserved 1048576K
}
Event: 5.908 GC heap after
{Heap after GC invocations=11 (full 0):
 garbage-first heap   total 260096K, used 59248K [0x0000000080000000, 0x0000000100000000)
  region size 1024K, 11 young (11264K), 11 survivors (11264K)
 Metaspace       used 68329K, capacity 69961K, committed 70140K, reserved 1110016K
  class space    used 8668K, capacity 9308K, committed 9344K, reserved 1048576K
}
Event: 7.169 GC heap before
{Heap before GC invocations=11 (full 0):
 garbage-first heap   total 260096K, used 187248K [0x0000000080000000, 0x0000000100000000)
  region size 1024K, 136 young (139264K), 11 survivors (11264K)
 Metaspace       used 79164K, capacity 80949K, committed 81020K, reserved 1120256K
  class space    used 10289K, capacity 10958K, committed 11008K, reserved 1048576K
}
Event: 7.176 GC heap after
{Heap after GC invocations=12 (full 0):
 garbage-first heap   total 260096K, used 67598K [0x0000000080000000, 0x0000000100000000)
  region size 1024K, 9 young (9216K), 9 survivors (9216K)
 Metaspace       used 79164K, capacity 80949K, committed 81020K, reserved 1120256K
  class space    used 10289K, capacity 10958K, committed 11008K, reserved 1048576K
}
Event: 8.321 GC heap before
{Heap before GC invocations=12 (full 0):
 garbage-first heap   total 260096K, used 192526K [0x0000000080000000, 0x0000000100000000)
  region size 1024K, 132 young (135168K), 9 survivors (9216K)
 Metaspace       used 86509K, capacity 88841K, committed 88956K, reserved 1126400K
  class space    used 11335K, capacity 12225K, committed 12288K, reserved 1048576K
}
Event: 8.329 GC heap after
{Heap after GC invocations=13 (full 0):
 garbage-first heap   total 260096K, used 75742K [0x0000000080000000, 0x0000000100000000)
  region size 1024K, 17 young (17408K), 17 survivors (17408K)
 Metaspace       used 86509K, capacity 88841K, committed 88956K, reserved 1126400K
  class space    used 11335K, capacity 12225K, committed 12288K, reserved 1048576K
}
Event: 9.688 GC heap before
{Heap before GC invocations=13 (full 0):
 garbage-first heap   total 260096K, used 198622K [0x0000000080000000, 0x0000000100000000)
  region size 1024K, 137 young (140288K), 17 survivors (17408K)
 Metaspace       used 93740K, capacity 96133K, committed 96252K, reserved 1132544K
  class space    used 12216K, capacity 13110K, committed 13184K, reserved 1048576K
}
Event: 9.720 GC heap after
{Heap after GC invocations=14 (full 0):
 garbage-first heap   total 260096K, used 81649K [0x0000000080000000, 0x0000000100000000)
  region size 1024K, 15 young (15360K), 15 survivors (15360K)
 Metaspace       used 93740K, capacity 96133K, committed 96252K, reserved 1132544K
  class space    used 12216K, capacity 13110K, committed 13184K, reserved 1048576K
}
Event: 20.692 GC heap before
{Heap before GC invocations=14 (full 0):
 garbage-first heap   total 260096K, used 159473K [0x0000000080000000, 0x0000000100000000)
  region size 1024K, 93 young (95232K), 15 survivors (15360K)
 Metaspace       used 97405K, capacity 100081K, committed 100220K, reserved 1136640K
  class space    used 12682K, capacity 13705K, committed 13824K, reserved 1048576K
}
Event: 20.740 GC heap after
{Heap after GC invocations=15 (full 0):
 garbage-first heap   total 260096K, used 85969K [0x0000000080000000, 0x0000000100000000)
  region size 1024K, 11 young (11264K), 11 survivors (11264K)
 Metaspace       used 97405K, capacity 100081K, committed 100220K, reserved 1136640K
  class space    used 12682K, capacity 13705K, committed 13824K, reserved 1048576K
}

